MPI version with tasks =2
Number of intervals:1200
Computed Area  1.50642
Elapsed time (s) = 261.977
MPI version with tasks =2
Number of intervals:1200
MPI version with tasks =4
Number of intervals:1200
Computed Area  1.50642
Elapsed time (s) = 262.739
MPI version with tasks =4
Number of intervals:1200
MPI version with tasks =6
Number of intervals:1200
Computed Area  1.50642
Elapsed time (s) = 269.118
MPI version with tasks =6
Number of intervals:1200
MPI version with tasks =8
Number of intervals:1200
Computed Area  1.50642
Elapsed time (s) = 242.557
MPI version with tasks =8
Number of intervals:1200
MPI version with tasks =10
Number of intervals:1200
Computed Area  1.50642
Elapsed time (s) = 215.21
MPI version with tasks =10
Number of intervals:1200
MPI version with tasks =12
Number of intervals:1200
Computed Area  1.50642
Elapsed time (s) = 188.068
MPI version with tasks =12
Number of intervals:1200
MPI version with tasks =16
Number of intervals:1200
Computed Area  1.50642
Elapsed time (s) = 151.296
MPI version with tasks =16
Number of intervals:1200
MPI version with tasks =20
Number of intervals:1200
Computed Area  1.50642
Elapsed time (s) = 124
MPI version with tasks =20
Number of intervals:1200
MPI version with tasks =24
Number of intervals:1200
Computed Area  1.50642
Elapsed time (s) = 104.603
MPI version with tasks =24
Number of intervals:1200
MPI version with tasks =30
Number of intervals:1200
Computed Area  1.50642
Elapsed time (s) = 84.8267
MPI version with tasks =30
Number of intervals:1200
All Done!
